[debug] [2023-06-05T14:02:17.902Z] ----------------------------------------------------------------------
[debug] [2023-06-05T14:02:17.906Z] Command:       /usr/local/bin/firebase /home/manish/.cache/firebase/tools/lib/node_modules/firebase-tools/lib/bin/firebase init
[debug] [2023-06-05T14:02:17.906Z] CLI Version:   12.3.0
[debug] [2023-06-05T14:02:17.906Z] Platform:      linux
[debug] [2023-06-05T14:02:17.907Z] Node Version:  v16.16.0
[debug] [2023-06-05T14:02:17.908Z] Time:          Mon Jun 05 2023 19:32:17 GMT+0530 (India Standard Time)
[debug] [2023-06-05T14:02:17.910Z] ----------------------------------------------------------------------
[debug] 
[debug] [2023-06-05T14:02:18.122Z] Object ".database" in "firebase.json" is missing required property: {"missingProperty":"rules"}
[debug] [2023-06-05T14:02:18.123Z] Field ".database" in "firebase.json" is possibly invalid: should be array
[debug] [2023-06-05T14:02:18.123Z] Field ".database" in "firebase.json" is possibly invalid: should match some schema in anyOf
[debug] [2023-06-05T14:02:18.137Z] > command requires scopes: ["email","openid","https://www.googleapis.com/auth/cloudplatformprojects.readonly","https://www.googleapis.com/auth/firebase","https://www.googleapis.com/auth/cloud-platform"]
[debug] [2023-06-05T14:02:18.138Z] > authorizing via signed-in user (rajendra.taver@encoresky.com)
[debug] [2023-06-05T14:02:18.138Z] Object ".database" in "firebase.json" is missing required property: {"missingProperty":"rules"}
[debug] [2023-06-05T14:02:18.139Z] Field ".database" in "firebase.json" is possibly invalid: should be array
[debug] [2023-06-05T14:02:18.139Z] Field ".database" in "firebase.json" is possibly invalid: should match some schema in anyOf
[info] 
     ######## #### ########  ######## ########     ###     ######  ########
     ##        ##  ##     ## ##       ##     ##  ##   ##  ##       ##
     ######    ##  ########  ######   ########  #########  ######  ######
     ##        ##  ##    ##  ##       ##     ## ##     ##       ## ##
     ##       #### ##     ## ######## ########  ##     ##  ######  ########

You're about to initialize a Firebase project in this directory:

  /home/manish/Desktop/BuddyConnect/buddy_connect

Before we get started, keep in mind:

  * You are initializing within an existing Firebase project directory

[debug] [2023-06-05T14:03:31.996Z] Error: read EIO
    at TTY.onStreamRead (node:internal/stream_base_commons:217:20)
[error] 
[error] Error: An unexpected error has occurred.
[debug] [2023-06-05T14:03:32.013Z] Error: write EIO
    at afterWriteDispatched (node:internal/stream_base_commons:160:15)
    at writeGeneric (node:internal/stream_base_commons:151:3)
    at WriteStream.Socket._writeGeneric (node:net:817:11)
    at WriteStream.Socket._write (node:net:829:8)
    at writeOrBuffer (node:internal/streams/writable:389:12)
    at _write (node:internal/streams/writable:330:10)
    at WriteStream.Writable.write (node:internal/streams/writable:334:10)
    at Console.log (/home/manish/.cache/firebase/tools/lib/node_modules/winston/lib/winston/transports/console.js:79:23)
    at Console._write (/home/manish/.cache/firebase/tools/lib/node_modules/winston-transport/index.js:103:17)
    at doWrite (/home/manish/.cache/firebase/tools/lib/node_modules/readable-stream/lib/_stream_writable.js:390:139)
[error] 
[error] Error: An unexpected error has occurred.
[debug] [2023-06-05T14:03:32.014Z] Error: write EIO
    at afterWriteDispatched (node:internal/stream_base_commons:160:15)
    at writeGeneric (node:internal/stream_base_commons:151:3)
    at WriteStream.Socket._writeGeneric (node:net:817:11)
    at WriteStream.Socket._write (node:net:829:8)
    at writeOrBuffer (node:internal/streams/writable:389:12)
    at _write (node:internal/streams/writable:330:10)
    at WriteStream.Writable.write (node:internal/streams/writable:334:10)
    at Console.log (/home/manish/.cache/firebase/tools/lib/node_modules/winston/lib/winston/transports/console.js:79:23)
    at Console._write (/home/manish/.cache/firebase/tools/lib/node_modules/winston-transport/index.js:103:17)
    at doWrite (/home/manish/.cache/firebase/tools/lib/node_modules/readable-stream/lib/_stream_writable.js:390:139)
[error] 
[error] Error: An unexpected error has occurred.
[debug] [2023-06-05T14:03:32.015Z] Error: write EIO
    at afterWriteDispatched (node:internal/stream_base_commons:160:15)
    at writeGeneric (node:internal/stream_base_commons:151:3)
    at WriteStream.Socket._writeGeneric (node:net:817:11)
    at WriteStream.Socket._write (node:net:829:8)
    at writeOrBuffer (node:internal/streams/writable:389:12)
    at _write (node:internal/streams/writable:330:10)
    at WriteStream.Writable.write (node:internal/streams/writable:334:10)
    at Console.log (/home/manish/.cache/firebase/tools/lib/node_modules/winston/lib/winston/transports/console.js:79:23)
    at Console._write (/home/manish/.cache/firebase/tools/lib/node_modules/winston-transport/index.js:103:17)
    at doWrite (/home/manish/.cache/firebase/tools/lib/node_modules/readable-stream/lib/_stream_writable.js:390:139)
[error] 
[error] Error: An unexpected error has occurred.
[debug] [2023-06-05T14:03:32.016Z] Error: write EIO
    at afterWriteDispatched (node:internal/stream_base_commons:160:15)
    at writeGeneric (node:internal/stream_base_commons:151:3)
    at WriteStream.Socket._writeGeneric (node:net:817:11)
    at WriteStream.Socket._write (node:net:829:8)
    at writeOrBuffer (node:internal/streams/writable:389:12)
    at _write (node:internal/streams/writable:330:10)
    at WriteStream.Writable.write (node:internal/streams/writable:334:10)
    at Console.log (/home/manish/.cache/firebase/tools/lib/node_modules/winston/lib/winston/transports/console.js:79:23)
    at Console._write (/home/manish/.cache/firebase/tools/lib/node_modules/winston-transport/index.js:103:17)
    at doWrite (/home/manish/.cache/firebase/tools/lib/node_modules/readable-stream/lib/_stream_writable.js:390:139)
[error] 
[error] Error: An unexpected error has occurred.
[debug] [2023-06-05T14:03:32.016Z] Error: write EIO
    at afterWriteDispatched (node:internal/stream_base_commons:160:15)
    at writeGeneric (node:internal/stream_base_commons:151:3)
    at WriteStream.Socket._writeGeneric (node:net:817:11)
    at WriteStream.Socket._write (node:net:829:8)
    at writeOrBuffer (node:internal/streams/writable:389:12)
    at _write (node:internal/streams/writable:330:10)
    at WriteStream.Writable.write (node:internal/streams/writable:334:10)
    at Console.log (/home/manish/.cache/firebase/tools/lib/node_modules/winston/lib/winston/transports/console.js:79:23)
    at Console._write (/home/manish/.cache/firebase/tools/lib/node_modules/winston-transport/index.js:103:17)
    at doWrite (/home/manish/.cache/firebase/tools/lib/node_modules/readable-stream/lib/_stream_writable.js:390:139)
[error] 
[error] Error: An unexpected error has occurred.
[debug] [2023-06-05T14:03:32.017Z] Error: write EIO
    at afterWriteDispatched (node:internal/stream_base_commons:160:15)
    at writeGeneric (node:internal/stream_base_commons:151:3)
    at WriteStream.Socket._writeGeneric (node:net:817:11)
    at WriteStream.Socket._write (node:net:829:8)
    at writeOrBuffer (node:internal/streams/writable:389:12)
    at _write (node:internal/streams/writable:330:10)
    at WriteStream.Writable.write (node:internal/streams/writable:334:10)
    at Console.log (/home/manish/.cache/firebase/tools/lib/node_modules/winston/lib/winston/transports/console.js:79:23)
    at Console._write (/home/manish/.cache/firebase/tools/lib/node_modules/winston-transport/index.js:103:17)
    at doWrite (/home/manish/.cache/firebase/tools/lib/node_modules/readable-stream/lib/_stream_writable.js:390:139)
[error] 
[error] Error: An unexpected error has occurred.
[debug] [2023-06-05T14:03:32.017Z] Error: write EIO
    at afterWriteDispatched (node:internal/stream_base_commons:160:15)
    at writeGeneric (node:internal/stream_base_commons:151:3)
    at WriteStream.Socket._writeGeneric (node:net:817:11)
    at WriteStream.Socket._write (node:net:829:8)
    at writeOrBuffer (node:internal/streams/writable:389:12)
    at _write (node:internal/streams/writable:330:10)
    at WriteStream.Writable.write (node:internal/streams/writable:334:10)
    at Console.log (/home/manish/.cache/firebase/tools/lib/node_modules/winston/lib/winston/transports/console.js:79:23)
    at Console._write (/home/manish/.cache/firebase/tools/lib/node_modules/winston-transport/index.js:103:17)
    at doWrite (/home/manish/.cache/firebase/tools/lib/node_modules/readable-stream/lib/_stream_writable.js:390:139)
[error] 
[error] Error: An unexpected error has occurred.
[debug] [2023-06-05T14:03:32.018Z] Error: write EIO
    at afterWriteDispatched (node:internal/stream_base_commons:160:15)
    at writeGeneric (node:internal/stream_base_commons:151:3)
    at WriteStream.Socket._writeGeneric (node:net:817:11)
    at WriteStream.Socket._write (node:net:829:8)
    at writeOrBuffer (node:internal/streams/writable:389:12)
    at _write (node:internal/streams/writable:330:10)
    at WriteStream.Writable.write (node:internal/streams/writable:334:10)
    at Console.log (/home/manish/.cache/firebase/tools/lib/node_modules/winston/lib/winston/transports/console.js:79:23)
    at Console._write (/home/manish/.cache/firebase/tools/lib/node_modules/winston-transport/index.js:103:17)
    at doWrite (/home/manish/.cache/firebase/tools/lib/node_modules/readable-stream/lib/_stream_writable.js:390:139)
[error] 
[error] Error: An unexpected error has occurred.
